<?xml version="1.0" encoding="UTF-8"?>
<!-- Generated by org.testng.reporters.JUnitXMLReporter -->
<testsuite hostname="ayshas-mbp.home" name="Command line test" tests="4" failures="1" timestamp="5 Dec 2016 16:57:34 GMT" time="2865.513" errors="0">
  <testcase name="@BeforeMethod start" time="0.0" classname="com.spotify.ui.test.SmokeTest">
    <failure type="org.openqa.selenium.WebDriverException" message="unknown error: Chrome failed to start: was killed
  (Driver info: chromedriver=2.25.426935 (820a95b0b81d33e42712f9198c215f703412e1a1),platform=Mac OS X 10.9.5 x86_64) (WARNING: The server did not provide any stacktrace information)
Command duration or timeout: 2831.80 seconds
Build info: version: &amp;apos;2.50.1&amp;apos;, revision: &amp;apos;d7fc91b29de65b790abb01f3ac5f7ea2191c88a7&amp;apos;, time: &amp;apos;2016-01-29 11:11:26&amp;apos;
System info: host: &amp;apos;ayshas-mbp.home&amp;apos;, ip: &amp;apos;192.168.1.8&amp;apos;, os.name: &amp;apos;Mac OS X&amp;apos;, os.arch: &amp;apos;x86_64&amp;apos;, os.version: &amp;apos;10.9.5&amp;apos;, java.version: &amp;apos;1.8.0_60&amp;apos;
Driver info: org.openqa.selenium.chrome.ChromeDriver">
      <![CDATA[org.openqa.selenium.WebDriverException: unknown error: Chrome failed to start: was killed
  (Driver info: chromedriver=2.25.426935 (820a95b0b81d33e42712f9198c215f703412e1a1),platform=Mac OS X 10.9.5 x86_64) (WARNING: The server did not provide any stacktrace information)
Command duration or timeout: 2831.80 seconds
Build info: version: '2.50.1', revision: 'd7fc91b29de65b790abb01f3ac5f7ea2191c88a7', time: '2016-01-29 11:11:26'
System info: host: 'ayshas-mbp.home', ip: '192.168.1.8', os.name: 'Mac OS X', os.arch: 'x86_64', os.version: '10.9.5', java.version: '1.8.0_60'
Driver info: org.openqa.selenium.chrome.ChromeDriver
	at org.openqa.selenium.remote.ErrorHandler.createThrowable(ErrorHandler.java:206)
	at org.openqa.selenium.remote.ErrorHandler.throwIfResponseFailed(ErrorHandler.java:158)
	at org.openqa.selenium.remote.RemoteWebDriver.execute(RemoteWebDriver.java:678)
	at org.openqa.selenium.remote.RemoteWebDriver.startSession(RemoteWebDriver.java:249)
	at org.openqa.selenium.remote.RemoteWebDriver.<init>(RemoteWebDriver.java:131)
	at org.openqa.selenium.remote.RemoteWebDriver.<init>(RemoteWebDriver.java:144)
	at org.openqa.selenium.chrome.ChromeDriver.<init>(ChromeDriver.java:170)
	at org.openqa.selenium.chrome.ChromeDriver.<init>(ChromeDriver.java:159)
	at org.openqa.selenium.chrome.ChromeDriver.<init>(ChromeDriver.java:116)
	at com.spotify.ui.test.BaseTest.start(BaseTest.java:50)
... Removed 40 stack frames]]>
    </failure>
  </testcase> <!-- @BeforeMethod start -->
  <testcase name="@AfterMethod close" time="0.0" classname="com.spotify.ui.test.SmokeTest">
    <skipped/>
  </testcase> <!-- @AfterMethod close -->
  <testcase name="helpPageTest" time="3.916" classname="com.spotify.ui.test.SmokeTest">
    <failure type="org.sikuli.script.FindFailed" message="Region: doFind: Image not loadable: /SpotifyDemo/videoImage/login.png">
      <![CDATA[FindFailed: Region: doFind: Image not loadable: /SpotifyDemo/videoImage/login.png
  Line 2535, in file Region.java

	at org.sikuli.script.Region.wait(Region.java:2535)
	at org.sikuli.script.Region.find(Region.java:2205)
	at org.sikuli.script.Region.getLocationFromTarget(Region.java:3067)
	at org.sikuli.script.Region.doubleClick(Region.java:3581)
	at org.sikuli.script.Region.doubleClick(Region.java:3566)
	at com.spotify.loginPage.LogInScenarioSpotify.validLogin(LogInScenarioSpotify.java:69)
	at com.spotify.ui.test.SmokeTest.helpPageTest(SmokeTest.java:43)
... Removed 34 stack frames]]>
    </failure>
  </testcase> <!-- helpPageTest -->
  <testcase name="loginPageTest" time="3.945" classname="com.spotify.ui.test.SmokeTest"/>
  <testcase name="premiumPageTest" time="7.355" classname="com.spotify.ui.test.SmokeTest"/>
  <testcase name="spotifyPageTest" time="0.0" classname="com.spotify.ui.test.SmokeTest">
    <skipped/>
  </testcase> <!-- spotifyPageTest -->
</testsuite> <!-- Command line test -->
